<?xml version="1.0" encoding="UTF-8"?>
<!-- Generated by org.testng.reporters.JUnitReportReporter -->
<testsuite hostname="DESKTOP-BT7KMFQ" failures="0" tests="1" name="com.qa.fb.keyword.tests.SignUpTest" time="1.498" errors="0" timestamp="2022-08-24T23:10:09 IST" skipped="0">
  <testcase classname="com.qa.fb.keyword.tests.SignUpTest" name="signUpTest" time="1.498"/>
  <system-out/>
</testsuite> <!-- com.qa.fb.keyword.tests.SignUpTest -->
