<?xml version="1.0" encoding="UTF-8"?>
<!-- Generated by org.testng.reporters.JUnitReportReporter -->
<testsuite hostname="DESKTOP-BT7KMFQ" failures="0" tests="1" name="com.qa.fb.keyword.tests.LoginTest" time="1.428" errors="0" timestamp="2022-08-24T23:15:52 IST" skipped="0">
  <testcase classname="com.qa.fb.keyword.tests.LoginTest" name="loginTest" time="1.428"/>
  <system-out/>
</testsuite> <!-- com.qa.fb.keyword.tests.LoginTest -->
